# JRE version: Java(TM) SE Runtime Environment (8.0_131-b11) (build 1.8.0_131-b11)
# Java VM: Java HotSpot(TM) 64-Bit Server VM (25.131-b11 mixed mode windows-amd64 compressed oops)
Heap:
 PSYoungGen      total 425472K, used 55926K [0x00000000d6b80000, 0x00000000f3580000, 0x0000000100000000)
  eden space 413184K, 13% used [0x00000000d6b80000,0x00000000da21db38,0x00000000eff00000)
  from space 12288K, 0% used [0x00000000f0c00000,0x00000000f0c00000,0x00000000f1800000)
  to   space 13312K, 0% used [0x00000000eff00000,0x00000000eff00000,0x00000000f0c00000)
 ParOldGen       total 64000K, used 15315K [0x0000000084200000, 0x0000000088080000, 0x00000000d6b80000)
  object space 64000K, 23% used [0x0000000084200000,0x00000000850f4c88,0x0000000088080000)
 Metaspace       used 35775K, capacity 36290K, committed 36568K, reserved 1081344K
  class space    used 4241K, capacity 4368K, committed 4480K, reserved 1048576K
GC Heap History (10 events):
Event: 3.351 GC heap before
{Heap before GC invocations=6 (full 1):
 PSYoungGen      total 132096K, used 5096K [0x00000000d6b80000, 0x00000000e7580000, 0x0000000100000000)
  eden space 126976K, 0% used [0x00000000d6b80000,0x00000000d6b80000,0x00000000de780000)
  from space 5120K, 99% used [0x00000000de780000,0x00000000dec7a020,0x00000000dec80000)
  to   space 9216K, 0% used [0x00000000e6c80000,0x00000000e6c80000,0x00000000e7580000)
 ParOldGen       total 84992K, used 5762K [0x0000000084200000, 0x0000000089500000, 0x00000000d6b80000)
  object space 84992K, 6% used [0x0000000084200000,0x00000000847a0900,0x0000000089500000)
 Metaspace       used 20947K, capacity 21194K, committed 21248K, reserved 1069056K
  class space    used 2460K, capacity 2536K, committed 2560K, reserved 1048576K
Event: 3.405 GC heap after
Heap after GC invocations=6 (full 1):
 PSYoungGen      total 132096K, used 0K [0x00000000d6b80000, 0x00000000e7580000, 0x0000000100000000)
  eden space 126976K, 0% used [0x00000000d6b80000,0x00000000d6b80000,0x00000000de780000)
  from space 5120K, 0% used [0x00000000de780000,0x00000000de780000,0x00000000dec80000)
  to   space 9216K, 0% used [0x00000000e6c80000,0x00000000e6c80000,0x00000000e7580000)
 ParOldGen       total 47104K, used 6784K [0x0000000084200000, 0x0000000087000000, 0x00000000d6b80000)
  object space 47104K, 14% used [0x0000000084200000,0x00000000848a0238,0x0000000087000000)
 Metaspace       used 20947K, capacity 21194K, committed 21248K, reserved 1069056K
  class space    used 2460K, capacity 2536K, committed 2560K, reserved 1048576K
}
Event: 5.292 GC heap before
{Heap before GC invocations=7 (full 1):
 PSYoungGen      total 132096K, used 126976K [0x00000000d6b80000, 0x00000000e7580000, 0x0000000100000000)
  eden space 126976K, 100% used [0x00000000d6b80000,0x00000000de780000,0x00000000de780000)
  from space 5120K, 0% used [0x00000000de780000,0x00000000de780000,0x00000000dec80000)
  to   space 9216K, 0% used [0x00000000e6c80000,0x00000000e6c80000,0x00000000e7580000)
 ParOldGen       total 47104K, used 6784K [0x0000000084200000, 0x0000000087000000, 0x00000000d6b80000)
  object space 47104K, 14% used [0x0000000084200000,0x00000000848a0238,0x0000000087000000)
 Metaspace       used 25419K, capacity 25716K, committed 25984K, reserved 1073152K
  class space    used 3034K, capacity 3119K, committed 3200K, reserved 1048576K
Event: 5.298 GC heap after
Heap after GC invocations=7 (full 1):
 PSYoungGen      total 236032K, used 6609K [0x00000000d6b80000, 0x00000000e7300000, 0x0000000100000000)
  eden space 229376K, 0% used [0x00000000d6b80000,0x00000000d6b80000,0x00000000e4b80000)
  from space 6656K, 99% used [0x00000000e6c80000,0x00000000e72f4538,0x00000000e7300000)
  to   space 9216K, 0% used [0x00000000e6100000,0x00000000e6100000,0x00000000e6a00000)
 ParOldGen       total 47104K, used 6792K [0x0000000084200000, 0x0000000087000000, 0x00000000d6b80000)
  object space 47104K, 14% used [0x0000000084200000,0x00000000848a2238,0x0000000087000000)
 Metaspace       used 25419K, capacity 25716K, committed 25984K, reserved 1073152K
  class space    used 3034K, capacity 3119K, committed 3200K, reserved 1048576K
}
Event: 7.838 GC heap before
{Heap before GC invocations=8 (full 1):
 PSYoungGen      total 236032K, used 235985K [0x00000000d6b80000, 0x00000000e7300000, 0x0000000100000000)
  eden space 229376K, 100% used [0x00000000d6b80000,0x00000000e4b80000,0x00000000e4b80000)
  from space 6656K, 99% used [0x00000000e6c80000,0x00000000e72f4538,0x00000000e7300000)
  to   space 9216K, 0% used [0x00000000e6100000,0x00000000e6100000,0x00000000e6a00000)
 ParOldGen       total 47104K, used 6792K [0x0000000084200000, 0x0000000087000000, 0x00000000d6b80000)
  object space 47104K, 14% used [0x0000000084200000,0x00000000848a2238,0x0000000087000000)
 Metaspace       used 31140K, capacity 31554K, committed 31744K, reserved 1077248K
  class space    used 3720K, capacity 3832K, committed 3840K, reserved 1048576K
Event: 8.025 GC heap after
Heap after GC invocations=8 (full 1):
 PSYoungGen      total 260608K, used 9209K [0x00000000d6b80000, 0x00000000f1800000, 0x0000000100000000)
  eden space 251392K, 0% used [0x00000000d6b80000,0x00000000d6b80000,0x00000000e6100000)
  from space 9216K, 99% used [0x00000000e6100000,0x00000000e69fe460,0x00000000e6a00000)
  to   space 12288K, 0% used [0x00000000f0c00000,0x00000000f0c00000,0x00000000f1800000)
 ParOldGen       total 47104K, used 10876K [0x0000000084200000, 0x0000000087000000, 0x00000000d6b80000)
  object space 47104K, 23% used [0x0000000084200000,0x0000000084c9f2a0,0x0000000087000000)
 Metaspace       used 31140K, capacity 31554K, committed 31744K, reserved 1077248K
  class space    used 3720K, capacity 3832K, committed 3840K, reserved 1048576K
}
Event: 17.805 GC heap before
{Heap before GC invocations=9 (full 1):
 PSYoungGen      total 260608K, used 94148K [0x00000000d6b80000, 0x00000000f1800000, 0x0000000100000000)
  eden space 251392K, 33% used [0x00000000d6b80000,0x00000000dbe72ed8,0x00000000e6100000)
  from space 9216K, 99% used [0x00000000e6100000,0x00000000e69fe460,0x00000000e6a00000)
  to   space 12288K, 0% used [0x00000000f0c00000,0x00000000f0c00000,0x00000000f1800000)
 ParOldGen       total 47104K, used 10876K [0x0000000084200000, 0x0000000087000000, 0x00000000d6b80000)
  object space 47104K, 23% used [0x0000000084200000,0x0000000084c9f2a0,0x0000000087000000)
 Metaspace       used 34784K, capacity 35210K, committed 35416K, reserved 1081344K
  class space    used 4143K, capacity 4264K, committed 4352K, reserved 1048576K
Event: 17.822 GC heap after
Heap after GC invocations=9 (full 1):
 PSYoungGen      total 425472K, used 10817K [0x00000000d6b80000, 0x00000000f3580000, 0x0000000100000000)
  eden space 413184K, 0% used [0x00000000d6b80000,0x00000000d6b80000,0x00000000eff00000)
  from space 12288K, 88% used [0x00000000f0c00000,0x00000000f16905a8,0x00000000f1800000)
  to   space 13312K, 0% used [0x00000000eff00000,0x00000000eff00000,0x00000000f0c00000)
 ParOldGen       total 47104K, used 10884K [0x0000000084200000, 0x0000000087000000, 0x00000000d6b80000)
  object space 47104K, 23% used [0x0000000084200000,0x0000000084ca12a0,0x0000000087000000)
 Metaspace       used 34784K, capacity 35210K, committed 35416K, reserved 1081344K
  class space    used 4143K, capacity 4264K, committed 4352K, reserved 1048576K
}
Event: 17.822 GC heap before
{Heap before GC invocations=10 (full 2):
 PSYoungGen      total 425472K, used 10817K [0x00000000d6b80000, 0x00000000f3580000, 0x0000000100000000)
  eden space 413184K, 0% used [0x00000000d6b80000,0x00000000d6b80000,0x00000000eff00000)
  from space 12288K, 88% used [0x00000000f0c00000,0x00000000f16905a8,0x00000000f1800000)
  to   space 13312K, 0% used [0x00000000eff00000,0x00000000eff00000,0x00000000f0c00000)
 ParOldGen       total 47104K, used 10884K [0x0000000084200000, 0x0000000087000000, 0x00000000d6b80000)
  object space 47104K, 23% used [0x0000000084200000,0x0000000084ca12a0,0x0000000087000000)
 Metaspace       used 34784K, capacity 35210K, committed 35416K, reserved 1081344K
  class space    used 4143K, capacity 4264K, committed 4352K, reserved 1048576K
Event: 17.924 GC heap after
Heap after GC invocations=10 (full 2):
 PSYoungGen      total 425472K, used 0K [0x00000000d6b80000, 0x00000000f3580000, 0x0000000100000000)
  eden space 413184K, 0% used [0x00000000d6b80000,0x00000000d6b80000,0x00000000eff00000)
  from space 12288K, 0% used [0x00000000f0c00000,0x00000000f0c00000,0x00000000f1800000)
  to   space 13312K, 0% used [0x00000000eff00000,0x00000000eff00000,0x00000000f0c00000)
 ParOldGen       total 64000K, used 15315K [0x0000000084200000, 0x0000000088080000, 0x00000000d6b80000)
  object space 64000K, 23% used [0x0000000084200000,0x00000000850f4c88,0x0000000088080000)
 Metaspace       used 34784K, capacity 35210K, committed 35416K, reserved 1081344K
  class space    used 4143K, capacity 4264K, committed 4352K, reserved 1048576K
}

